<?xml version="1.0" encoding="UTF-8"?>
<!-- Generated by org.testng.reporters.JUnitReportReporter -->
<testsuite skipped="1" hostname="DESKTOP-J20FBOJ" name="testcase.TestCase1" tests="2" failures="0" timestamp="28 May 2021 03:19:12 GMT" time="2.190" errors="1">
  <testcase name="TC1" time="0.000" classname="testcase.TestCase1">
    <skipped/>
  </testcase> <!-- TC1 -->
  <testcase name="setup" time="2.190" classname="testcase.TestCase1">
    <error type="org.openqa.selenium.SessionNotCreatedException" message="session not created: This version of ChromeDriver only supports Chrome version 86
Current browser version is 90.0.4430.212 with binary path C:\Program Files (x86)\Google\Chrome\Application\chrome.exe
Build info: version: &#039;3.141.59&#039;, revision: &#039;e82be7d358&#039;, time: &#039;2018-11-14T08:17:03&#039;
System info: host: &#039;DESKTOP-J20FBOJ&#039;, ip: &#039;192.168.0.3&#039;, os.name: &#039;Windows 10&#039;, os.arch: &#039;amd64&#039;, os.version: &#039;10.0&#039;, java.version: &#039;1.8.0_161&#039;
Driver info: driver.version: ChromeDriver
remote stacktrace: Backtrace:
	Ordinal0 [0x0107C013+3194899]
	Ordinal0 [0x00F66021+2056225]
	Ordinal0 [0x00DFF608+587272]
	Ordinal0 [0x00D81BF3+72691]
	Ordinal0 [0x00D7E229+57897]
	Ordinal0 [0x00D7C64A+50762]
	Ordinal0 [0x00DA1EE9+204521]
	Ordinal0 [0x00DA1D0D+204045]
	Ordinal0 [0x00D9FC1B+195611]
	Ordinal0 [0x00D83B7F+80767]
	Ordinal0 [0x00D84B4E+84814]
	Ordinal0 [0x00D84AD9+84697]
	Ordinal0 [0x00F7CE64+2149988]
	GetHandleVerifier [0x011EBE95+1400773]
	GetHandleVerifier [0x011EBB61+1399953]
	GetHandleVerifier [0x011F31FA+1430314]
	GetHandleVerifier [0x011EC69F+1402831]
	Ordinal0 [0x00F73D61+2112865]
	Ordinal0 [0x00F7E5CB+2155979]
	Ordinal0 [0x00F7E6F5+2156277]
	Ordinal0 [0x00F8F26E+2224750]
	BaseThreadInitThunk [0x764AFA29+25]
	RtlGetAppContainerNamedObjectPath [0x77517A7E+286]
	RtlGetAppContainerNamedObjectPath [0x77517A4E+238]
">
      <![CDATA[org.openqa.selenium.SessionNotCreatedException: session not created: This version of ChromeDriver only supports Chrome version 86
Current browser version is 90.0.4430.212 with binary path C:\Program Files (x86)\Google\Chrome\Application\chrome.exe
Build info: version: '3.141.59', revision: 'e82be7d358', time: '2018-11-14T08:17:03'
System info: host: 'DESKTOP-J20FBOJ', ip: '192.168.0.3', os.name: 'Windows 10', os.arch: 'amd64', os.version: '10.0', java.version: '1.8.0_161'
Driver info: driver.version: ChromeDriver
remote stacktrace: Backtrace:
Ordinal0 [0x0107C013+3194899]
Ordinal0 [0x00F66021+2056225]
Ordinal0 [0x00DFF608+587272]
Ordinal0 [0x00D81BF3+72691]
Ordinal0 [0x00D7E229+57897]
Ordinal0 [0x00D7C64A+50762]
Ordinal0 [0x00DA1EE9+204521]
Ordinal0 [0x00DA1D0D+204045]
Ordinal0 [0x00D9FC1B+195611]
Ordinal0 [0x00D83B7F+80767]
Ordinal0 [0x00D84B4E+84814]
Ordinal0 [0x00D84AD9+84697]
Ordinal0 [0x00F7CE64+2149988]
GetHandleVerifier [0x011EBE95+1400773]
GetHandleVerifier [0x011EBB61+1399953]
GetHandleVerifier [0x011F31FA+1430314]
GetHandleVerifier [0x011EC69F+1402831]
Ordinal0 [0x00F73D61+2112865]
Ordinal0 [0x00F7E5CB+2155979]
Ordinal0 [0x00F7E6F5+2156277]
Ordinal0 [0x00F8F26E+2224750]
BaseThreadInitThunk [0x764AFA29+25]
RtlGetAppContainerNamedObjectPath [0x77517A7E+286]
RtlGetAppContainerNamedObjectPath [0x77517A4E+238]

at sun.reflect.NativeConstructorAccessorImpl.newInstance0(Native Method)
at sun.reflect.NativeConstructorAccessorImpl.newInstance(Unknown Source)
at sun.reflect.DelegatingConstructorAccessorImpl.newInstance(Unknown Source)
at java.lang.reflect.Constructor.newInstance(Unknown Source)
at org.openqa.selenium.remote.W3CHandshakeResponse.lambda$errorHandler$0(W3CHandshakeResponse.java:62)
at org.openqa.selenium.remote.HandshakeResponse.lambda$getResponseFunction$0(HandshakeResponse.java:30)
at org.openqa.selenium.remote.ProtocolHandshake.lambda$createSession$0(ProtocolHandshake.java:126)
at java.util.stream.ReferencePipeline$3$1.accept(Unknown Source)
at java.util.Spliterators$ArraySpliterator.tryAdvance(Unknown Source)
at java.util.stream.ReferencePipeline.forEachWithCancel(Unknown Source)
at java.util.stream.AbstractPipeline.copyIntoWithCancel(Unknown Source)
at java.util.stream.AbstractPipeline.copyInto(Unknown Source)
at java.util.stream.AbstractPipeline.wrapAndCopyInto(Unknown Source)
at java.util.stream.FindOps$FindOp.evaluateSequential(Unknown Source)
at java.util.stream.AbstractPipeline.evaluate(Unknown Source)
at java.util.stream.ReferencePipeline.findFirst(Unknown Source)
at org.openqa.selenium.remote.ProtocolHandshake.createSession(ProtocolHandshake.java:128)
at org.openqa.selenium.remote.ProtocolHandshake.createSession(ProtocolHandshake.java:74)
at org.openqa.selenium.remote.HttpCommandExecutor.execute(HttpCommandExecutor.java:136)
at org.openqa.selenium.remote.service.DriverCommandExecutor.execute(DriverCommandExecutor.java:83)
at org.openqa.selenium.remote.RemoteWebDriver.execute(RemoteWebDriver.java:552)
at org.openqa.selenium.remote.RemoteWebDriver.startSession(RemoteWebDriver.java:213)
at org.openqa.selenium.remote.RemoteWebDriver.<init>(RemoteWebDriver.java:131)
at org.openqa.selenium.chrome.ChromeDriver.<init>(ChromeDriver.java:181)
at org.openqa.selenium.chrome.ChromeDriver.<init>(ChromeDriver.java:168)
at org.openqa.selenium.chrome.ChromeDriver.<init>(ChromeDriver.java:123)
at org.Base.BaseSetUp.getDriver(BaseSetUp.java:39)
at testcase.TestCase1.setup(TestCase1.java:21)
at sun.reflect.NativeMethodAccessorImpl.invoke0(Native Method)
at sun.reflect.NativeMethodAccessorImpl.invoke(Unknown Source)
at sun.reflect.DelegatingMethodAccessorImpl.invoke(Unknown Source)
at java.lang.reflect.Method.invoke(Unknown Source)
at org.testng.internal.MethodInvocationHelper.invokeMethod(MethodInvocationHelper.java:124)
at org.testng.internal.MethodInvocationHelper.invokeMethodConsideringTimeout(MethodInvocationHelper.java:59)
at org.testng.internal.Invoker.invokeConfigurationMethod(Invoker.java:458)
at org.testng.internal.Invoker.invokeConfigurations(Invoker.java:222)
at org.testng.internal.Invoker.invokeConfigurations(Invoker.java:142)
at org.testng.internal.TestMethodWorker.invokeBeforeClassMethods(TestMethodWorker.java:168)
at org.testng.internal.TestMethodWorker.run(TestMethodWorker.java:105)
at org.testng.TestRunner.privateRun(TestRunner.java:648)
at org.testng.TestRunner.run(TestRunner.java:505)
at org.testng.SuiteRunner.runTest(SuiteRunner.java:455)
at org.testng.SuiteRunner.runSequentially(SuiteRunner.java:450)
at org.testng.SuiteRunner.privateRun(SuiteRunner.java:415)
at org.testng.SuiteRunner.run(SuiteRunner.java:364)
at org.testng.SuiteRunnerWorker.runSuite(SuiteRunnerWorker.java:52)
at org.testng.SuiteRunnerWorker.run(SuiteRunnerWorker.java:84)
at org.testng.TestNG.runSuitesSequentially(TestNG.java:1208)
at org.testng.TestNG.runSuitesLocally(TestNG.java:1137)
at org.testng.TestNG.runSuites(TestNG.java:1049)
at org.testng.TestNG.run(TestNG.java:1017)
at org.testng.remote.AbstractRemoteTestNG.run(AbstractRemoteTestNG.java:132)
at org.testng.remote.RemoteTestNG.initAndRun(RemoteTestNG.java:230)
at org.testng.remote.RemoteTestNG.main(RemoteTestNG.java:76)
]]>
    </error>
  </testcase> <!-- setup -->
</testsuite> <!-- testcase.TestCase1 -->
